[0.013s] Invoking command in '/home/jonsnow/ros2_ws/build/my_robot_description': CMAKE_PREFIX_PATH=${CMAKE_PREFIX_PATH}:/home/jonsnow/ros2_ws/install/my_robot_controller:/opt/ros/humble /usr/bin/cmake /home/jonsnow/ros2_ws/src/my_robot_description -DCMAKE_INSTALL_PREFIX=/home/jonsnow/ros2_ws/install/my_robot_description
[0.023s] -- Found ament_cmake: 1.3.12 (/opt/ros/humble/share/ament_cmake/cmake)
[0.105s] -- Override CMake install command with custom implementation using symlinks instead of copying resources
[0.153s] -- Configuring done
[0.156s] -- Generating done
[0.157s] -- Build files have been written to: /home/jonsnow/ros2_ws/build/my_robot_description
[0.187s] Invoked command in '/home/jonsnow/ros2_ws/build/my_robot_description' returned '0': CMAKE_PREFIX_PATH=${CMAKE_PREFIX_PATH}:/home/jonsnow/ros2_ws/install/my_robot_controller:/opt/ros/humble /usr/bin/cmake /home/jonsnow/ros2_ws/src/my_robot_description -DCMAKE_INSTALL_PREFIX=/home/jonsnow/ros2_ws/install/my_robot_description
[0.188s] Invoking command in '/home/jonsnow/ros2_ws/build/my_robot_description': CMAKE_PREFIX_PATH=${CMAKE_PREFIX_PATH}:/home/jonsnow/ros2_ws/install/my_robot_controller:/opt/ros/humble /usr/bin/cmake --build /home/jonsnow/ros2_ws/build/my_robot_description -- -j16 -l16
[0.219s] Invoked command in '/home/jonsnow/ros2_ws/build/my_robot_description' returned '0': CMAKE_PREFIX_PATH=${CMAKE_PREFIX_PATH}:/home/jonsnow/ros2_ws/install/my_robot_controller:/opt/ros/humble /usr/bin/cmake --build /home/jonsnow/ros2_ws/build/my_robot_description -- -j16 -l16
[0.230s] Invoking command in '/home/jonsnow/ros2_ws/build/my_robot_description': CMAKE_PREFIX_PATH=${CMAKE_PREFIX_PATH}:/home/jonsnow/ros2_ws/install/my_robot_controller:/opt/ros/humble /usr/bin/cmake --install /home/jonsnow/ros2_ws/build/my_robot_description
[0.235s] -- Install configuration: ""
[0.236s] -- Execute custom install script
[0.237s] -- Up-to-date symlink: /home/jonsnow/ros2_ws/install/my_robot_description/share/my_robot_description//urdf/arm.xacro
[0.237s] -- Up-to-date symlink: /home/jonsnow/ros2_ws/install/my_robot_description/share/my_robot_description//urdf/arm_gazebo.xacro
[0.237s] -- Up-to-date symlink: /home/jonsnow/ros2_ws/install/my_robot_description/share/my_robot_description//urdf/camera.urdf.xacro
[0.237s] -- Up-to-date symlink: /home/jonsnow/ros2_ws/install/my_robot_description/share/my_robot_description//urdf/common_properties.urdf.xacro
[0.237s] -- Up-to-date symlink: /home/jonsnow/ros2_ws/install/my_robot_description/share/my_robot_description//urdf/mobile_base.urdf.xacro
[0.238s] -- Up-to-date symlink: /home/jonsnow/ros2_ws/install/my_robot_description/share/my_robot_description//urdf/mobile_base_gazebo.urdf.xacro
[0.238s] -- Up-to-date symlink: /home/jonsnow/ros2_ws/install/my_robot_description/share/my_robot_description//urdf/my_robot.urdf.xacro
[0.238s] -- Up-to-date symlink: /home/jonsnow/ros2_ws/install/my_robot_description/share/my_robot_description//urdf/standalone_arm.urdf.xacro
[0.238s] -- Up-to-date symlink: /home/jonsnow/ros2_ws/install/my_robot_description/share/my_robot_description//launch/display.launch.py
[0.238s] -- Up-to-date symlink: /home/jonsnow/ros2_ws/install/my_robot_description/share/my_robot_description//launch/display.launch.xml
[0.239s] -- Up-to-date symlink: /home/jonsnow/ros2_ws/install/my_robot_description/share/my_robot_description//rviz/urdf_config.rviz
[0.239s] -- Up-to-date symlink: /home/jonsnow/ros2_ws/install/my_robot_description/share/ament_index/resource_index/package_run_dependencies/my_robot_description
[0.239s] -- Up-to-date symlink: /home/jonsnow/ros2_ws/install/my_robot_description/share/ament_index/resource_index/parent_prefix_path/my_robot_description
[0.239s] -- Up-to-date symlink: /home/jonsnow/ros2_ws/install/my_robot_description/share/my_robot_description/environment/ament_prefix_path.sh
[0.239s] -- Up-to-date symlink: /home/jonsnow/ros2_ws/install/my_robot_description/share/my_robot_description/environment/ament_prefix_path.dsv
[0.240s] -- Up-to-date symlink: /home/jonsnow/ros2_ws/install/my_robot_description/share/my_robot_description/environment/path.sh
[0.240s] -- Up-to-date symlink: /home/jonsnow/ros2_ws/install/my_robot_description/share/my_robot_description/environment/path.dsv
[0.240s] -- Up-to-date symlink: /home/jonsnow/ros2_ws/install/my_robot_description/share/my_robot_description/local_setup.bash
[0.240s] -- Up-to-date symlink: /home/jonsnow/ros2_ws/install/my_robot_description/share/my_robot_description/local_setup.sh
[0.240s] -- Up-to-date symlink: /home/jonsnow/ros2_ws/install/my_robot_description/share/my_robot_description/local_setup.zsh
[0.240s] -- Up-to-date symlink: /home/jonsnow/ros2_ws/install/my_robot_description/share/my_robot_description/local_setup.dsv
[0.240s] -- Symlinking: /home/jonsnow/ros2_ws/install/my_robot_description/share/my_robot_description/package.dsv
[0.246s] -- Up-to-date symlink: /home/jonsnow/ros2_ws/install/my_robot_description/share/ament_index/resource_index/packages/my_robot_description
[0.247s] -- Up-to-date symlink: /home/jonsnow/ros2_ws/install/my_robot_description/share/my_robot_description/cmake/my_robot_descriptionConfig.cmake
[0.247s] -- Up-to-date symlink: /home/jonsnow/ros2_ws/install/my_robot_description/share/my_robot_description/cmake/my_robot_descriptionConfig-version.cmake
[0.247s] -- Up-to-date symlink: /home/jonsnow/ros2_ws/install/my_robot_description/share/my_robot_description/package.xml
[0.248s] Invoked command in '/home/jonsnow/ros2_ws/build/my_robot_description' returned '0': CMAKE_PREFIX_PATH=${CMAKE_PREFIX_PATH}:/home/jonsnow/ros2_ws/install/my_robot_controller:/opt/ros/humble /usr/bin/cmake --install /home/jonsnow/ros2_ws/build/my_robot_description
