[0.485s] Invoking command in '/home/jonsnow/ros2_ws/build/my_robot_controller': PYTHONPATH=/home/jonsnow/ros2_ws/build/my_robot_controller/prefix_override:/usr/lib/python3/dist-packages/colcon_core/task/python/colcon_distutils_commands:/home/jonsnow/ros2_ws/install/my_robot_controller/lib/python3.10/site-packages:${PYTHONPATH} /usr/bin/python3 -W ignore:setup.py install is deprecated -W ignore:easy_install command is deprecated setup.py develop --uninstall --editable --build-directory /home/jonsnow/ros2_ws/build/my_robot_controller/build
[0.655s] running develop
[0.756s] Removing /home/jonsnow/ros2_ws/install/my_robot_controller/lib/python3.10/site-packages/my-robot-controller.egg-link (link to .)
[0.773s] Invoked command in '/home/jonsnow/ros2_ws/build/my_robot_controller' returned '0': PYTHONPATH=/home/jonsnow/ros2_ws/build/my_robot_controller/prefix_override:/usr/lib/python3/dist-packages/colcon_core/task/python/colcon_distutils_commands:/home/jonsnow/ros2_ws/install/my_robot_controller/lib/python3.10/site-packages:${PYTHONPATH} /usr/bin/python3 -W ignore:setup.py install is deprecated -W ignore:easy_install command is deprecated setup.py develop --uninstall --editable --build-directory /home/jonsnow/ros2_ws/build/my_robot_controller/build
[0.775s] Invoking command in '/home/jonsnow/ros2_ws/src/my_robot_controller': PYTHONPATH=/home/jonsnow/ros2_ws/build/my_robot_controller/prefix_override:/usr/lib/python3/dist-packages/colcon_core/task/python/colcon_distutils_commands:/home/jonsnow/ros2_ws/install/my_robot_controller/lib/python3.10/site-packages:${PYTHONPATH} /usr/bin/python3 -W ignore:setup.py install is deprecated -W ignore:easy_install command is deprecated setup.py egg_info --egg-base ../../build/my_robot_controller build --build-base /home/jonsnow/ros2_ws/build/my_robot_controller/build install --record /home/jonsnow/ros2_ws/build/my_robot_controller/install.log --single-version-externally-managed install_data --force
[0.933s] running egg_info
[0.934s] writing ../../build/my_robot_controller/my_robot_controller.egg-info/PKG-INFO
[0.934s] writing dependency_links to ../../build/my_robot_controller/my_robot_controller.egg-info/dependency_links.txt
[0.934s] writing entry points to ../../build/my_robot_controller/my_robot_controller.egg-info/entry_points.txt
[0.934s] writing requirements to ../../build/my_robot_controller/my_robot_controller.egg-info/requires.txt
[0.934s] writing top-level names to ../../build/my_robot_controller/my_robot_controller.egg-info/top_level.txt
[0.935s] reading manifest file '../../build/my_robot_controller/my_robot_controller.egg-info/SOURCES.txt'
[0.936s] writing manifest file '../../build/my_robot_controller/my_robot_controller.egg-info/SOURCES.txt'
[0.936s] running build
[0.936s] running build_py
[0.937s] running install
[0.937s] running install_lib
[0.937s] creating /home/jonsnow/ros2_ws/install/my_robot_controller/lib/python3.10/site-packages/my_robot_controller
[0.937s] copying /home/jonsnow/ros2_ws/build/my_robot_controller/build/lib/my_robot_controller/pose_subscriber.py -> /home/jonsnow/ros2_ws/install/my_robot_controller/lib/python3.10/site-packages/my_robot_controller
[0.938s] copying /home/jonsnow/ros2_ws/build/my_robot_controller/build/lib/my_robot_controller/draw_circle.py -> /home/jonsnow/ros2_ws/install/my_robot_controller/lib/python3.10/site-packages/my_robot_controller
[0.938s] copying /home/jonsnow/ros2_ws/build/my_robot_controller/build/lib/my_robot_controller/__init__.py -> /home/jonsnow/ros2_ws/install/my_robot_controller/lib/python3.10/site-packages/my_robot_controller
[0.938s] copying /home/jonsnow/ros2_ws/build/my_robot_controller/build/lib/my_robot_controller/turtle_controller.py -> /home/jonsnow/ros2_ws/install/my_robot_controller/lib/python3.10/site-packages/my_robot_controller
[0.938s] copying /home/jonsnow/ros2_ws/build/my_robot_controller/build/lib/my_robot_controller/my_first_node.py -> /home/jonsnow/ros2_ws/install/my_robot_controller/lib/python3.10/site-packages/my_robot_controller
[0.939s] byte-compiling /home/jonsnow/ros2_ws/install/my_robot_controller/lib/python3.10/site-packages/my_robot_controller/pose_subscriber.py to pose_subscriber.cpython-310.pyc
[0.939s] byte-compiling /home/jonsnow/ros2_ws/install/my_robot_controller/lib/python3.10/site-packages/my_robot_controller/draw_circle.py to draw_circle.cpython-310.pyc
[0.939s] byte-compiling /home/jonsnow/ros2_ws/install/my_robot_controller/lib/python3.10/site-packages/my_robot_controller/__init__.py to __init__.cpython-310.pyc
[0.939s] byte-compiling /home/jonsnow/ros2_ws/install/my_robot_controller/lib/python3.10/site-packages/my_robot_controller/turtle_controller.py to turtle_controller.cpython-310.pyc
[0.940s] byte-compiling /home/jonsnow/ros2_ws/install/my_robot_controller/lib/python3.10/site-packages/my_robot_controller/my_first_node.py to my_first_node.cpython-310.pyc
[0.940s] running install_data
[0.940s] copying resource/my_robot_controller -> /home/jonsnow/ros2_ws/install/my_robot_controller/share/ament_index/resource_index/packages
[0.940s] copying package.xml -> /home/jonsnow/ros2_ws/install/my_robot_controller/share/my_robot_controller
[0.940s] running install_egg_info
[0.941s] Copying ../../build/my_robot_controller/my_robot_controller.egg-info to /home/jonsnow/ros2_ws/install/my_robot_controller/lib/python3.10/site-packages/my_robot_controller-0.0.0-py3.10.egg-info
[0.942s] running install_scripts
[0.955s] Installing draw_circle script to /home/jonsnow/ros2_ws/install/my_robot_controller/lib/my_robot_controller
[0.955s] Installing pose_subscriber script to /home/jonsnow/ros2_ws/install/my_robot_controller/lib/my_robot_controller
[0.955s] Installing test_node script to /home/jonsnow/ros2_ws/install/my_robot_controller/lib/my_robot_controller
[0.955s] Installing turtle_controller script to /home/jonsnow/ros2_ws/install/my_robot_controller/lib/my_robot_controller
[0.955s] writing list of installed files to '/home/jonsnow/ros2_ws/build/my_robot_controller/install.log'
[0.969s] Invoked command in '/home/jonsnow/ros2_ws/src/my_robot_controller' returned '0': PYTHONPATH=/home/jonsnow/ros2_ws/build/my_robot_controller/prefix_override:/usr/lib/python3/dist-packages/colcon_core/task/python/colcon_distutils_commands:/home/jonsnow/ros2_ws/install/my_robot_controller/lib/python3.10/site-packages:${PYTHONPATH} /usr/bin/python3 -W ignore:setup.py install is deprecated -W ignore:easy_install command is deprecated setup.py egg_info --egg-base ../../build/my_robot_controller build --build-base /home/jonsnow/ros2_ws/build/my_robot_controller/build install --record /home/jonsnow/ros2_ws/build/my_robot_controller/install.log --single-version-externally-managed install_data --force
