[0.177s] Invoking command in '/home/jonsnow/ros2_ws/build/my_robot_description': CMAKE_PREFIX_PATH=/home/jonsnow/ros2_ws/install/my_robot_controller:/opt/ros/humble /usr/bin/cmake /home/jonsnow/ros2_ws/src/my_robot_description -DCMAKE_INSTALL_PREFIX=/home/jonsnow/ros2_ws/install/my_robot_description
[0.243s] -- The C compiler identification is GNU 11.4.0
[0.293s] -- The CXX compiler identification is GNU 11.4.0
[0.300s] -- Detecting C compiler ABI info
[0.355s] -- Detecting C compiler ABI info - done
[0.361s] -- Check for working C compiler: /usr/bin/cc - skipped
[0.361s] -- Detecting C compile features
[0.361s] -- Detecting C compile features - done
[0.364s] -- Detecting CXX compiler ABI info
[0.430s] -- Detecting CXX compiler ABI info - done
[0.436s] -- Check for working CXX compiler: /usr/bin/c++ - skipped
[0.436s] -- Detecting CXX compile features
[0.436s] -- Detecting CXX compile features - done
[0.440s] -- Found ament_cmake: 1.3.11 (/opt/ros/humble/share/ament_cmake/cmake)
[0.552s] -- Found Python3: /usr/bin/python3 (found version "3.10.12") found components: Interpreter 
[0.670s] -- Configuring done
[0.671s] -- Generating done
[0.674s] -- Build files have been written to: /home/jonsnow/ros2_ws/build/my_robot_description
[0.675s] Invoked command in '/home/jonsnow/ros2_ws/build/my_robot_description' returned '0': CMAKE_PREFIX_PATH=/home/jonsnow/ros2_ws/install/my_robot_controller:/opt/ros/humble /usr/bin/cmake /home/jonsnow/ros2_ws/src/my_robot_description -DCMAKE_INSTALL_PREFIX=/home/jonsnow/ros2_ws/install/my_robot_description
[0.677s] Invoking command in '/home/jonsnow/ros2_ws/build/my_robot_description': CMAKE_PREFIX_PATH=/home/jonsnow/ros2_ws/install/my_robot_controller:/opt/ros/humble /usr/bin/cmake --build /home/jonsnow/ros2_ws/build/my_robot_description -- -j16 -l16
[0.703s] Invoked command in '/home/jonsnow/ros2_ws/build/my_robot_description' returned '0': CMAKE_PREFIX_PATH=/home/jonsnow/ros2_ws/install/my_robot_controller:/opt/ros/humble /usr/bin/cmake --build /home/jonsnow/ros2_ws/build/my_robot_description -- -j16 -l16
[0.710s] Invoking command in '/home/jonsnow/ros2_ws/build/my_robot_description': CMAKE_PREFIX_PATH=/home/jonsnow/ros2_ws/install/my_robot_controller:/opt/ros/humble /usr/bin/cmake --install /home/jonsnow/ros2_ws/build/my_robot_description
[0.716s] -- Install configuration: ""
[0.716s] -- Installing: /home/jonsnow/ros2_ws/install/my_robot_description/share/my_robot_description//urdf
[0.716s] -- Installing: /home/jonsnow/ros2_ws/install/my_robot_description/share/my_robot_description//urdf/my_robot.urdf
[0.717s] -- Installing: /home/jonsnow/ros2_ws/install/my_robot_description/share/ament_index/resource_index/package_run_dependencies/my_robot_description
[0.717s] -- Installing: /home/jonsnow/ros2_ws/install/my_robot_description/share/ament_index/resource_index/parent_prefix_path/my_robot_description
[0.717s] -- Installing: /home/jonsnow/ros2_ws/install/my_robot_description/share/my_robot_description/environment/ament_prefix_path.sh
[0.717s] -- Installing: /home/jonsnow/ros2_ws/install/my_robot_description/share/my_robot_description/environment/ament_prefix_path.dsv
[0.717s] -- Installing: /home/jonsnow/ros2_ws/install/my_robot_description/share/my_robot_description/environment/path.sh
[0.717s] -- Installing: /home/jonsnow/ros2_ws/install/my_robot_description/share/my_robot_description/environment/path.dsv
[0.717s] -- Installing: /home/jonsnow/ros2_ws/install/my_robot_description/share/my_robot_description/local_setup.bash
[0.717s] -- Installing: /home/jonsnow/ros2_ws/install/my_robot_description/share/my_robot_description/local_setup.sh
[0.717s] -- Installing: /home/jonsnow/ros2_ws/install/my_robot_description/share/my_robot_description/local_setup.zsh
[0.717s] -- Installing: /home/jonsnow/ros2_ws/install/my_robot_description/share/my_robot_description/local_setup.dsv
[0.717s] -- Installing: /home/jonsnow/ros2_ws/install/my_robot_description/share/my_robot_description/package.dsv
[0.718s] -- Installing: /home/jonsnow/ros2_ws/install/my_robot_description/share/ament_index/resource_index/packages/my_robot_description
[0.718s] -- Installing: /home/jonsnow/ros2_ws/install/my_robot_description/share/my_robot_description/cmake/my_robot_descriptionConfig.cmake
[0.718s] -- Installing: /home/jonsnow/ros2_ws/install/my_robot_description/share/my_robot_description/cmake/my_robot_descriptionConfig-version.cmake
[0.718s] -- Installing: /home/jonsnow/ros2_ws/install/my_robot_description/share/my_robot_description/package.xml
[0.719s] Invoked command in '/home/jonsnow/ros2_ws/build/my_robot_description' returned '0': CMAKE_PREFIX_PATH=/home/jonsnow/ros2_ws/install/my_robot_controller:/opt/ros/humble /usr/bin/cmake --install /home/jonsnow/ros2_ws/build/my_robot_description
