[0.165s] Invoking command in '/home/jonsnow/ros2_ws/build/my_robot_description': CMAKE_PREFIX_PATH=${CMAKE_PREFIX_PATH}:/home/jonsnow/ros2_ws/install/my_robot_controller:/opt/ros/humble /usr/bin/cmake /home/jonsnow/ros2_ws/src/my_robot_description -DAMENT_CMAKE_SYMLINK_INSTALL=1 -DCMAKE_INSTALL_PREFIX=/home/jonsnow/ros2_ws/install/my_robot_description
[0.176s] -- Found ament_cmake: 1.3.11 (/opt/ros/humble/share/ament_cmake/cmake)
[0.261s] -- Override CMake install command with custom implementation using symlinks instead of copying resources
[0.308s] -- Configuring done
[0.309s] -- Generating done
[0.310s] -- Build files have been written to: /home/jonsnow/ros2_ws/build/my_robot_description
[0.312s] Invoked command in '/home/jonsnow/ros2_ws/build/my_robot_description' returned '0': CMAKE_PREFIX_PATH=${CMAKE_PREFIX_PATH}:/home/jonsnow/ros2_ws/install/my_robot_controller:/opt/ros/humble /usr/bin/cmake /home/jonsnow/ros2_ws/src/my_robot_description -DAMENT_CMAKE_SYMLINK_INSTALL=1 -DCMAKE_INSTALL_PREFIX=/home/jonsnow/ros2_ws/install/my_robot_description
[0.313s] Invoking command in '/home/jonsnow/ros2_ws/build/my_robot_description': CMAKE_PREFIX_PATH=${CMAKE_PREFIX_PATH}:/home/jonsnow/ros2_ws/install/my_robot_controller:/opt/ros/humble /usr/bin/cmake --build /home/jonsnow/ros2_ws/build/my_robot_description -- -j16 -l16
[0.342s] Invoked command in '/home/jonsnow/ros2_ws/build/my_robot_description' returned '0': CMAKE_PREFIX_PATH=${CMAKE_PREFIX_PATH}:/home/jonsnow/ros2_ws/install/my_robot_controller:/opt/ros/humble /usr/bin/cmake --build /home/jonsnow/ros2_ws/build/my_robot_description -- -j16 -l16
[0.350s] Invoking command in '/home/jonsnow/ros2_ws/build/my_robot_description': CMAKE_PREFIX_PATH=${CMAKE_PREFIX_PATH}:/home/jonsnow/ros2_ws/install/my_robot_controller:/opt/ros/humble /usr/bin/cmake --install /home/jonsnow/ros2_ws/build/my_robot_description
[0.355s] -- Install configuration: ""
[0.356s] -- Execute custom install script
[0.356s] -- Up-to-date symlink: /home/jonsnow/ros2_ws/install/my_robot_description/share/my_robot_description//urdf/common_properties.urdf.xacro
[0.356s] -- Up-to-date symlink: /home/jonsnow/ros2_ws/install/my_robot_description/share/my_robot_description//urdf/mobile_base.urdf.xacro
[0.356s] -- Up-to-date symlink: /home/jonsnow/ros2_ws/install/my_robot_description/share/my_robot_description//urdf/my_robot.urdf.xacro
[0.356s] -- Up-to-date symlink: /home/jonsnow/ros2_ws/install/my_robot_description/share/my_robot_description//launch/display.launch.py
[0.356s] -- Up-to-date symlink: /home/jonsnow/ros2_ws/install/my_robot_description/share/my_robot_description//launch/display.launch.xml
[0.356s] -- Up-to-date symlink: /home/jonsnow/ros2_ws/install/my_robot_description/share/my_robot_description//rviz/urdf_config.rviz
[0.356s] -- Up-to-date symlink: /home/jonsnow/ros2_ws/install/my_robot_description/share/ament_index/resource_index/package_run_dependencies/my_robot_description
[0.356s] -- Up-to-date symlink: /home/jonsnow/ros2_ws/install/my_robot_description/share/ament_index/resource_index/parent_prefix_path/my_robot_description
[0.357s] -- Up-to-date symlink: /home/jonsnow/ros2_ws/install/my_robot_description/share/my_robot_description/environment/ament_prefix_path.sh
[0.357s] -- Up-to-date symlink: /home/jonsnow/ros2_ws/install/my_robot_description/share/my_robot_description/environment/ament_prefix_path.dsv
[0.357s] -- Up-to-date symlink: /home/jonsnow/ros2_ws/install/my_robot_description/share/my_robot_description/environment/path.sh
[0.357s] -- Up-to-date symlink: /home/jonsnow/ros2_ws/install/my_robot_description/share/my_robot_description/environment/path.dsv
[0.357s] -- Up-to-date symlink: /home/jonsnow/ros2_ws/install/my_robot_description/share/my_robot_description/local_setup.bash
[0.357s] -- Up-to-date symlink: /home/jonsnow/ros2_ws/install/my_robot_description/share/my_robot_description/local_setup.sh
[0.357s] -- Up-to-date symlink: /home/jonsnow/ros2_ws/install/my_robot_description/share/my_robot_description/local_setup.zsh
[0.357s] -- Up-to-date symlink: /home/jonsnow/ros2_ws/install/my_robot_description/share/my_robot_description/local_setup.dsv
[0.357s] -- Symlinking: /home/jonsnow/ros2_ws/install/my_robot_description/share/my_robot_description/package.dsv
[0.362s] -- Up-to-date symlink: /home/jonsnow/ros2_ws/install/my_robot_description/share/ament_index/resource_index/packages/my_robot_description
[0.362s] -- Up-to-date symlink: /home/jonsnow/ros2_ws/install/my_robot_description/share/my_robot_description/cmake/my_robot_descriptionConfig.cmake
[0.362s] -- Up-to-date symlink: /home/jonsnow/ros2_ws/install/my_robot_description/share/my_robot_description/cmake/my_robot_descriptionConfig-version.cmake
[0.362s] -- Up-to-date symlink: /home/jonsnow/ros2_ws/install/my_robot_description/share/my_robot_description/package.xml
[0.364s] Invoked command in '/home/jonsnow/ros2_ws/build/my_robot_description' returned '0': CMAKE_PREFIX_PATH=${CMAKE_PREFIX_PATH}:/home/jonsnow/ros2_ws/install/my_robot_controller:/opt/ros/humble /usr/bin/cmake --install /home/jonsnow/ros2_ws/build/my_robot_description
