[0.008s] Invoking command in '/home/jonsnow/ros2_ws/build/my_robot_bringup': CMAKE_PREFIX_PATH=/home/jonsnow/ros2_ws/install/my_robot_description:/home/jonsnow/turtlebot3_ws/install/turtlebot3_simulations:/home/jonsnow/turtlebot3_ws/install/turtlebot3_manipulation_gazebo:/home/jonsnow/turtlebot3_ws/install/turtlebot3_gazebo:/home/jonsnow/turtlebot3_ws/install/turtlebot3_fake_node:/home/jonsnow/ros2_ws/install/my_robot_bringup:/home/jonsnow/ros2_ws/install/my_robot_controller:/opt/ros/humble /usr/bin/cmake /home/jonsnow/ros2_ws/src/my_robot_bringup -DCMAKE_INSTALL_PREFIX=/home/jonsnow/ros2_ws/install/my_robot_bringup
[0.015s] -- Found ament_cmake: 1.3.12 (/opt/ros/humble/share/ament_cmake/cmake)
[0.101s] -- Override CMake install command with custom implementation using symlinks instead of copying resources
[0.154s] -- Configuring done
[0.157s] -- Generating done
[0.158s] -- Build files have been written to: /home/jonsnow/ros2_ws/build/my_robot_bringup
[0.160s] Invoked command in '/home/jonsnow/ros2_ws/build/my_robot_bringup' returned '0': CMAKE_PREFIX_PATH=/home/jonsnow/ros2_ws/install/my_robot_description:/home/jonsnow/turtlebot3_ws/install/turtlebot3_simulations:/home/jonsnow/turtlebot3_ws/install/turtlebot3_manipulation_gazebo:/home/jonsnow/turtlebot3_ws/install/turtlebot3_gazebo:/home/jonsnow/turtlebot3_ws/install/turtlebot3_fake_node:/home/jonsnow/ros2_ws/install/my_robot_bringup:/home/jonsnow/ros2_ws/install/my_robot_controller:/opt/ros/humble /usr/bin/cmake /home/jonsnow/ros2_ws/src/my_robot_bringup -DCMAKE_INSTALL_PREFIX=/home/jonsnow/ros2_ws/install/my_robot_bringup
[0.161s] Invoking command in '/home/jonsnow/ros2_ws/build/my_robot_bringup': CMAKE_PREFIX_PATH=/home/jonsnow/ros2_ws/install/my_robot_description:/home/jonsnow/turtlebot3_ws/install/turtlebot3_simulations:/home/jonsnow/turtlebot3_ws/install/turtlebot3_manipulation_gazebo:/home/jonsnow/turtlebot3_ws/install/turtlebot3_gazebo:/home/jonsnow/turtlebot3_ws/install/turtlebot3_fake_node:/home/jonsnow/ros2_ws/install/my_robot_bringup:/home/jonsnow/ros2_ws/install/my_robot_controller:/opt/ros/humble /usr/bin/cmake --build /home/jonsnow/ros2_ws/build/my_robot_bringup -- -j16 -l16
[0.200s] Invoked command in '/home/jonsnow/ros2_ws/build/my_robot_bringup' returned '0': CMAKE_PREFIX_PATH=/home/jonsnow/ros2_ws/install/my_robot_description:/home/jonsnow/turtlebot3_ws/install/turtlebot3_simulations:/home/jonsnow/turtlebot3_ws/install/turtlebot3_manipulation_gazebo:/home/jonsnow/turtlebot3_ws/install/turtlebot3_gazebo:/home/jonsnow/turtlebot3_ws/install/turtlebot3_fake_node:/home/jonsnow/ros2_ws/install/my_robot_bringup:/home/jonsnow/ros2_ws/install/my_robot_controller:/opt/ros/humble /usr/bin/cmake --build /home/jonsnow/ros2_ws/build/my_robot_bringup -- -j16 -l16
[0.201s] Invoking command in '/home/jonsnow/ros2_ws/build/my_robot_bringup': CMAKE_PREFIX_PATH=/home/jonsnow/ros2_ws/install/my_robot_description:/home/jonsnow/turtlebot3_ws/install/turtlebot3_simulations:/home/jonsnow/turtlebot3_ws/install/turtlebot3_manipulation_gazebo:/home/jonsnow/turtlebot3_ws/install/turtlebot3_gazebo:/home/jonsnow/turtlebot3_ws/install/turtlebot3_fake_node:/home/jonsnow/ros2_ws/install/my_robot_bringup:/home/jonsnow/ros2_ws/install/my_robot_controller:/opt/ros/humble /usr/bin/cmake --install /home/jonsnow/ros2_ws/build/my_robot_bringup
[0.208s] -- Install configuration: ""
[0.208s] -- Execute custom install script
[0.209s] -- Up-to-date symlink: /home/jonsnow/ros2_ws/install/my_robot_bringup/share/my_robot_bringup//launch/my_robot_gazebo.launch.xml
[0.210s] -- Up-to-date symlink: /home/jonsnow/ros2_ws/install/my_robot_bringup/share/my_robot_bringup//rviz/urdf_config.rviz
[0.210s] -- Up-to-date symlink: /home/jonsnow/ros2_ws/install/my_robot_bringup/share/my_robot_bringup//worlds/test_world.world
[0.210s] -- Up-to-date symlink: /home/jonsnow/ros2_ws/install/my_robot_bringup/share/ament_index/resource_index/package_run_dependencies/my_robot_bringup
[0.211s] -- Up-to-date symlink: /home/jonsnow/ros2_ws/install/my_robot_bringup/share/ament_index/resource_index/parent_prefix_path/my_robot_bringup
[0.211s] -- Up-to-date symlink: /home/jonsnow/ros2_ws/install/my_robot_bringup/share/my_robot_bringup/environment/ament_prefix_path.sh
[0.211s] -- Up-to-date symlink: /home/jonsnow/ros2_ws/install/my_robot_bringup/share/my_robot_bringup/environment/ament_prefix_path.dsv
[0.211s] -- Up-to-date symlink: /home/jonsnow/ros2_ws/install/my_robot_bringup/share/my_robot_bringup/environment/path.sh
[0.211s] -- Up-to-date symlink: /home/jonsnow/ros2_ws/install/my_robot_bringup/share/my_robot_bringup/environment/path.dsv
[0.211s] -- Up-to-date symlink: /home/jonsnow/ros2_ws/install/my_robot_bringup/share/my_robot_bringup/local_setup.bash
[0.211s] -- Up-to-date symlink: /home/jonsnow/ros2_ws/install/my_robot_bringup/share/my_robot_bringup/local_setup.sh
[0.211s] -- Up-to-date symlink: /home/jonsnow/ros2_ws/install/my_robot_bringup/share/my_robot_bringup/local_setup.zsh
[0.212s] -- Up-to-date symlink: /home/jonsnow/ros2_ws/install/my_robot_bringup/share/my_robot_bringup/local_setup.dsv
[0.212s] -- Symlinking: /home/jonsnow/ros2_ws/install/my_robot_bringup/share/my_robot_bringup/package.dsv
[0.219s] -- Up-to-date symlink: /home/jonsnow/ros2_ws/install/my_robot_bringup/share/ament_index/resource_index/packages/my_robot_bringup
[0.219s] -- Up-to-date symlink: /home/jonsnow/ros2_ws/install/my_robot_bringup/share/my_robot_bringup/cmake/my_robot_bringupConfig.cmake
[0.219s] -- Up-to-date symlink: /home/jonsnow/ros2_ws/install/my_robot_bringup/share/my_robot_bringup/cmake/my_robot_bringupConfig-version.cmake
[0.219s] -- Up-to-date symlink: /home/jonsnow/ros2_ws/install/my_robot_bringup/share/my_robot_bringup/package.xml
[0.221s] Invoked command in '/home/jonsnow/ros2_ws/build/my_robot_bringup' returned '0': CMAKE_PREFIX_PATH=/home/jonsnow/ros2_ws/install/my_robot_description:/home/jonsnow/turtlebot3_ws/install/turtlebot3_simulations:/home/jonsnow/turtlebot3_ws/install/turtlebot3_manipulation_gazebo:/home/jonsnow/turtlebot3_ws/install/turtlebot3_gazebo:/home/jonsnow/turtlebot3_ws/install/turtlebot3_fake_node:/home/jonsnow/ros2_ws/install/my_robot_bringup:/home/jonsnow/ros2_ws/install/my_robot_controller:/opt/ros/humble /usr/bin/cmake --install /home/jonsnow/ros2_ws/build/my_robot_bringup
