[0.430s] Invoking command in '/home/jonsnow/ros2_ws/build/my_robot_controller': PYTHONPATH=/home/jonsnow/ros2_ws/build/my_robot_controller/prefix_override:/usr/lib/python3/dist-packages/colcon_core/task/python/colcon_distutils_commands:/home/jonsnow/ros2_ws/install/my_robot_controller/lib/python3.10/site-packages:${PYTHONPATH} /usr/bin/python3 -W ignore:setup.py install is deprecated -W ignore:easy_install command is deprecated setup.py develop --editable --build-directory /home/jonsnow/ros2_ws/build/my_robot_controller/build --no-deps symlink_data
[0.596s] running develop
[0.689s] running egg_info
[0.689s] writing my_robot_controller.egg-info/PKG-INFO
[0.689s] writing dependency_links to my_robot_controller.egg-info/dependency_links.txt
[0.689s] writing entry points to my_robot_controller.egg-info/entry_points.txt
[0.689s] writing requirements to my_robot_controller.egg-info/requires.txt
[0.689s] writing top-level names to my_robot_controller.egg-info/top_level.txt
[0.690s] reading manifest file 'my_robot_controller.egg-info/SOURCES.txt'
[0.690s] writing manifest file 'my_robot_controller.egg-info/SOURCES.txt'
[0.691s] running build_ext
[0.691s] Creating /home/jonsnow/ros2_ws/install/my_robot_controller/lib/python3.10/site-packages/my-robot-controller.egg-link (link to .)
[0.692s] Installing draw_circle script to /home/jonsnow/ros2_ws/install/my_robot_controller/lib/my_robot_controller
[0.692s] Installing pose_subscriber script to /home/jonsnow/ros2_ws/install/my_robot_controller/lib/my_robot_controller
[0.692s] Installing test_node script to /home/jonsnow/ros2_ws/install/my_robot_controller/lib/my_robot_controller
[0.692s] Installing turtle_controller script to /home/jonsnow/ros2_ws/install/my_robot_controller/lib/my_robot_controller
[0.692s] 
[0.692s] Installed /home/jonsnow/ros2_ws/build/my_robot_controller
[0.692s] running symlink_data
[0.709s] Invoked command in '/home/jonsnow/ros2_ws/build/my_robot_controller' returned '0': PYTHONPATH=/home/jonsnow/ros2_ws/build/my_robot_controller/prefix_override:/usr/lib/python3/dist-packages/colcon_core/task/python/colcon_distutils_commands:/home/jonsnow/ros2_ws/install/my_robot_controller/lib/python3.10/site-packages:${PYTHONPATH} /usr/bin/python3 -W ignore:setup.py install is deprecated -W ignore:easy_install command is deprecated setup.py develop --editable --build-directory /home/jonsnow/ros2_ws/build/my_robot_controller/build --no-deps symlink_data
