[0.172s] Invoking command in '/home/jonsnow/ros2_ws/build/my_robot_description': CMAKE_PREFIX_PATH=${CMAKE_PREFIX_PATH}:/home/jonsnow/ros2_ws/install/my_robot_controller:/opt/ros/humble /usr/bin/cmake /home/jonsnow/ros2_ws/src/my_robot_description -DCMAKE_INSTALL_PREFIX=/home/jonsnow/ros2_ws/install/my_robot_description
[0.192s] -- Found ament_cmake: 1.3.11 (/opt/ros/humble/share/ament_cmake/cmake)
[0.288s] -- Override CMake install command with custom implementation using symlinks instead of copying resources
[0.345s] -- Configuring done
[0.348s] -- Generating done
[0.349s] -- Build files have been written to: /home/jonsnow/ros2_ws/build/my_robot_description
[0.351s] Invoked command in '/home/jonsnow/ros2_ws/build/my_robot_description' returned '0': CMAKE_PREFIX_PATH=${CMAKE_PREFIX_PATH}:/home/jonsnow/ros2_ws/install/my_robot_controller:/opt/ros/humble /usr/bin/cmake /home/jonsnow/ros2_ws/src/my_robot_description -DCMAKE_INSTALL_PREFIX=/home/jonsnow/ros2_ws/install/my_robot_description
[0.352s] Invoking command in '/home/jonsnow/ros2_ws/build/my_robot_description': CMAKE_PREFIX_PATH=${CMAKE_PREFIX_PATH}:/home/jonsnow/ros2_ws/install/my_robot_controller:/opt/ros/humble /usr/bin/cmake --build /home/jonsnow/ros2_ws/build/my_robot_description -- -j16 -l16
[0.383s] Invoked command in '/home/jonsnow/ros2_ws/build/my_robot_description' returned '0': CMAKE_PREFIX_PATH=${CMAKE_PREFIX_PATH}:/home/jonsnow/ros2_ws/install/my_robot_controller:/opt/ros/humble /usr/bin/cmake --build /home/jonsnow/ros2_ws/build/my_robot_description -- -j16 -l16
[0.394s] Invoking command in '/home/jonsnow/ros2_ws/build/my_robot_description': CMAKE_PREFIX_PATH=${CMAKE_PREFIX_PATH}:/home/jonsnow/ros2_ws/install/my_robot_controller:/opt/ros/humble /usr/bin/cmake --install /home/jonsnow/ros2_ws/build/my_robot_description
[0.403s] -- Install configuration: ""
[0.404s] -- Execute custom install script
[0.404s] -- Up-to-date symlink: /home/jonsnow/ros2_ws/install/my_robot_description/share/my_robot_description//urdf/common_properties.urdf.xacro
[0.405s] -- Up-to-date symlink: /home/jonsnow/ros2_ws/install/my_robot_description/share/my_robot_description//urdf/mobile_base.urdf.xacro
[0.405s] -- Up-to-date symlink: /home/jonsnow/ros2_ws/install/my_robot_description/share/my_robot_description//urdf/my_robot.urdf.xacro
[0.406s] -- Up-to-date symlink: /home/jonsnow/ros2_ws/install/my_robot_description/share/my_robot_description//launch/display.launch.py
[0.406s] -- Up-to-date symlink: /home/jonsnow/ros2_ws/install/my_robot_description/share/my_robot_description//launch/display.launch.xml
[0.406s] -- Up-to-date symlink: /home/jonsnow/ros2_ws/install/my_robot_description/share/my_robot_description//rviz/urdf_config.rviz
[0.406s] -- Up-to-date symlink: /home/jonsnow/ros2_ws/install/my_robot_description/share/ament_index/resource_index/package_run_dependencies/my_robot_description
[0.407s] -- Up-to-date symlink: /home/jonsnow/ros2_ws/install/my_robot_description/share/ament_index/resource_index/parent_prefix_path/my_robot_description
[0.407s] -- Up-to-date symlink: /home/jonsnow/ros2_ws/install/my_robot_description/share/my_robot_description/environment/ament_prefix_path.sh
[0.407s] -- Up-to-date symlink: /home/jonsnow/ros2_ws/install/my_robot_description/share/my_robot_description/environment/ament_prefix_path.dsv
[0.407s] -- Up-to-date symlink: /home/jonsnow/ros2_ws/install/my_robot_description/share/my_robot_description/environment/path.sh
[0.407s] -- Up-to-date symlink: /home/jonsnow/ros2_ws/install/my_robot_description/share/my_robot_description/environment/path.dsv
[0.408s] -- Up-to-date symlink: /home/jonsnow/ros2_ws/install/my_robot_description/share/my_robot_description/local_setup.bash
[0.408s] -- Up-to-date symlink: /home/jonsnow/ros2_ws/install/my_robot_description/share/my_robot_description/local_setup.sh
[0.408s] -- Up-to-date symlink: /home/jonsnow/ros2_ws/install/my_robot_description/share/my_robot_description/local_setup.zsh
[0.408s] -- Up-to-date symlink: /home/jonsnow/ros2_ws/install/my_robot_description/share/my_robot_description/local_setup.dsv
[0.408s] -- Symlinking: /home/jonsnow/ros2_ws/install/my_robot_description/share/my_robot_description/package.dsv
[0.416s] -- Up-to-date symlink: /home/jonsnow/ros2_ws/install/my_robot_description/share/ament_index/resource_index/packages/my_robot_description
[0.416s] -- Up-to-date symlink: /home/jonsnow/ros2_ws/install/my_robot_description/share/my_robot_description/cmake/my_robot_descriptionConfig.cmake
[0.417s] -- Up-to-date symlink: /home/jonsnow/ros2_ws/install/my_robot_description/share/my_robot_description/cmake/my_robot_descriptionConfig-version.cmake
[0.417s] -- Up-to-date symlink: /home/jonsnow/ros2_ws/install/my_robot_description/share/my_robot_description/package.xml
[0.418s] Invoked command in '/home/jonsnow/ros2_ws/build/my_robot_description' returned '0': CMAKE_PREFIX_PATH=${CMAKE_PREFIX_PATH}:/home/jonsnow/ros2_ws/install/my_robot_controller:/opt/ros/humble /usr/bin/cmake --install /home/jonsnow/ros2_ws/build/my_robot_description
