[0.408s] Invoking command in '/home/jonsnow/ros2_ws/build/my_robot_controller': PYTHONPATH=/home/jonsnow/ros2_ws/build/my_robot_controller/prefix_override:/usr/lib/python3/dist-packages/colcon_core/task/python/colcon_distutils_commands:/home/jonsnow/ros2_ws/install/my_robot_controller/lib/python3.10/site-packages:${PYTHONPATH} /usr/bin/python3 -W ignore:setup.py install is deprecated -W ignore:easy_install command is deprecated setup.py develop --uninstall --editable --build-directory /home/jonsnow/ros2_ws/build/my_robot_controller/build
[0.569s] running develop
[0.659s] Removing /home/jonsnow/ros2_ws/install/my_robot_controller/lib/python3.10/site-packages/my-robot-controller.egg-link (link to .)
[0.678s] Invoked command in '/home/jonsnow/ros2_ws/build/my_robot_controller' returned '0': PYTHONPATH=/home/jonsnow/ros2_ws/build/my_robot_controller/prefix_override:/usr/lib/python3/dist-packages/colcon_core/task/python/colcon_distutils_commands:/home/jonsnow/ros2_ws/install/my_robot_controller/lib/python3.10/site-packages:${PYTHONPATH} /usr/bin/python3 -W ignore:setup.py install is deprecated -W ignore:easy_install command is deprecated setup.py develop --uninstall --editable --build-directory /home/jonsnow/ros2_ws/build/my_robot_controller/build
[0.680s] Invoking command in '/home/jonsnow/ros2_ws/src/my_robot_controller': PYTHONPATH=/home/jonsnow/ros2_ws/build/my_robot_controller/prefix_override:/usr/lib/python3/dist-packages/colcon_core/task/python/colcon_distutils_commands:/home/jonsnow/ros2_ws/install/my_robot_controller/lib/python3.10/site-packages:${PYTHONPATH} /usr/bin/python3 -W ignore:setup.py install is deprecated -W ignore:easy_install command is deprecated setup.py egg_info --egg-base ../../build/my_robot_controller build --build-base /home/jonsnow/ros2_ws/build/my_robot_controller/build install --record /home/jonsnow/ros2_ws/build/my_robot_controller/install.log --single-version-externally-managed install_data --force
[0.828s] running egg_info
[0.828s] writing ../../build/my_robot_controller/my_robot_controller.egg-info/PKG-INFO
[0.828s] writing dependency_links to ../../build/my_robot_controller/my_robot_controller.egg-info/dependency_links.txt
[0.829s] writing entry points to ../../build/my_robot_controller/my_robot_controller.egg-info/entry_points.txt
[0.829s] writing requirements to ../../build/my_robot_controller/my_robot_controller.egg-info/requires.txt
[0.829s] writing top-level names to ../../build/my_robot_controller/my_robot_controller.egg-info/top_level.txt
[0.830s] reading manifest file '../../build/my_robot_controller/my_robot_controller.egg-info/SOURCES.txt'
[0.831s] writing manifest file '../../build/my_robot_controller/my_robot_controller.egg-info/SOURCES.txt'
[0.831s] running build
[0.831s] running build_py
[0.831s] copying my_robot_controller/pose_subscriber.py -> /home/jonsnow/ros2_ws/build/my_robot_controller/build/lib/my_robot_controller
[0.831s] copying my_robot_controller/draw_circle.py -> /home/jonsnow/ros2_ws/build/my_robot_controller/build/lib/my_robot_controller
[0.831s] copying my_robot_controller/turtle_controller.py -> /home/jonsnow/ros2_ws/build/my_robot_controller/build/lib/my_robot_controller
[0.831s] running install
[0.831s] running install_lib
[0.831s] creating /home/jonsnow/ros2_ws/install/my_robot_controller/lib/python3.10/site-packages/my_robot_controller
[0.832s] copying /home/jonsnow/ros2_ws/build/my_robot_controller/build/lib/my_robot_controller/pose_subscriber.py -> /home/jonsnow/ros2_ws/install/my_robot_controller/lib/python3.10/site-packages/my_robot_controller
[0.832s] copying /home/jonsnow/ros2_ws/build/my_robot_controller/build/lib/my_robot_controller/draw_circle.py -> /home/jonsnow/ros2_ws/install/my_robot_controller/lib/python3.10/site-packages/my_robot_controller
[0.832s] copying /home/jonsnow/ros2_ws/build/my_robot_controller/build/lib/my_robot_controller/__init__.py -> /home/jonsnow/ros2_ws/install/my_robot_controller/lib/python3.10/site-packages/my_robot_controller
[0.832s] copying /home/jonsnow/ros2_ws/build/my_robot_controller/build/lib/my_robot_controller/turtle_controller.py -> /home/jonsnow/ros2_ws/install/my_robot_controller/lib/python3.10/site-packages/my_robot_controller
[0.832s] copying /home/jonsnow/ros2_ws/build/my_robot_controller/build/lib/my_robot_controller/my_first_node.py -> /home/jonsnow/ros2_ws/install/my_robot_controller/lib/python3.10/site-packages/my_robot_controller
[0.832s] byte-compiling /home/jonsnow/ros2_ws/install/my_robot_controller/lib/python3.10/site-packages/my_robot_controller/pose_subscriber.py to pose_subscriber.cpython-310.pyc
[0.833s] byte-compiling /home/jonsnow/ros2_ws/install/my_robot_controller/lib/python3.10/site-packages/my_robot_controller/draw_circle.py to draw_circle.cpython-310.pyc
[0.833s] byte-compiling /home/jonsnow/ros2_ws/install/my_robot_controller/lib/python3.10/site-packages/my_robot_controller/__init__.py to __init__.cpython-310.pyc
[0.833s] byte-compiling /home/jonsnow/ros2_ws/install/my_robot_controller/lib/python3.10/site-packages/my_robot_controller/turtle_controller.py to turtle_controller.cpython-310.pyc
[0.833s] byte-compiling /home/jonsnow/ros2_ws/install/my_robot_controller/lib/python3.10/site-packages/my_robot_controller/my_first_node.py to my_first_node.cpython-310.pyc
[0.834s] running install_data
[0.834s] copying resource/my_robot_controller -> /home/jonsnow/ros2_ws/install/my_robot_controller/share/ament_index/resource_index/packages
[0.834s] copying package.xml -> /home/jonsnow/ros2_ws/install/my_robot_controller/share/my_robot_controller
[0.834s] running install_egg_info
[0.835s] Copying ../../build/my_robot_controller/my_robot_controller.egg-info to /home/jonsnow/ros2_ws/install/my_robot_controller/lib/python3.10/site-packages/my_robot_controller-0.0.0-py3.10.egg-info
[0.835s] running install_scripts
[0.848s] Installing draw_circle script to /home/jonsnow/ros2_ws/install/my_robot_controller/lib/my_robot_controller
[0.848s] Installing pose_subscriber script to /home/jonsnow/ros2_ws/install/my_robot_controller/lib/my_robot_controller
[0.848s] Installing test_node script to /home/jonsnow/ros2_ws/install/my_robot_controller/lib/my_robot_controller
[0.849s] Installing turtle_controller script to /home/jonsnow/ros2_ws/install/my_robot_controller/lib/my_robot_controller
[0.849s] writing list of installed files to '/home/jonsnow/ros2_ws/build/my_robot_controller/install.log'
[0.864s] Invoked command in '/home/jonsnow/ros2_ws/src/my_robot_controller' returned '0': PYTHONPATH=/home/jonsnow/ros2_ws/build/my_robot_controller/prefix_override:/usr/lib/python3/dist-packages/colcon_core/task/python/colcon_distutils_commands:/home/jonsnow/ros2_ws/install/my_robot_controller/lib/python3.10/site-packages:${PYTHONPATH} /usr/bin/python3 -W ignore:setup.py install is deprecated -W ignore:easy_install command is deprecated setup.py egg_info --egg-base ../../build/my_robot_controller build --build-base /home/jonsnow/ros2_ws/build/my_robot_controller/build install --record /home/jonsnow/ros2_ws/build/my_robot_controller/install.log --single-version-externally-managed install_data --force
