[0.364s] Invoking command in '/home/jonsnow/ros2_ws/src/my_robot_controller': PYTHONPATH=/home/jonsnow/ros2_ws/build/my_robot_controller/prefix_override:/usr/lib/python3/dist-packages/colcon_core/task/python/colcon_distutils_commands:/home/jonsnow/ros2_ws/install/my_robot_controller/lib/python3.10/site-packages:${PYTHONPATH} /usr/bin/python3 -W ignore:setup.py install is deprecated -W ignore:easy_install command is deprecated setup.py egg_info --egg-base ../../build/my_robot_controller build --build-base /home/jonsnow/ros2_ws/build/my_robot_controller/build install --record /home/jonsnow/ros2_ws/build/my_robot_controller/install.log --single-version-externally-managed install_data
[0.508s] running egg_info
[0.508s] writing ../../build/my_robot_controller/my_robot_controller.egg-info/PKG-INFO
[0.508s] writing dependency_links to ../../build/my_robot_controller/my_robot_controller.egg-info/dependency_links.txt
[0.508s] writing entry points to ../../build/my_robot_controller/my_robot_controller.egg-info/entry_points.txt
[0.508s] writing requirements to ../../build/my_robot_controller/my_robot_controller.egg-info/requires.txt
[0.508s] writing top-level names to ../../build/my_robot_controller/my_robot_controller.egg-info/top_level.txt
[0.509s] reading manifest file '../../build/my_robot_controller/my_robot_controller.egg-info/SOURCES.txt'
[0.510s] writing manifest file '../../build/my_robot_controller/my_robot_controller.egg-info/SOURCES.txt'
[0.510s] running build
[0.510s] running build_py
[0.510s] copying my_robot_controller/my_first_node.py -> /home/jonsnow/ros2_ws/build/my_robot_controller/build/lib/my_robot_controller
[0.510s] running install
[0.510s] running install_lib
[0.511s] copying /home/jonsnow/ros2_ws/build/my_robot_controller/build/lib/my_robot_controller/my_first_node.py -> /home/jonsnow/ros2_ws/install/my_robot_controller/lib/python3.10/site-packages/my_robot_controller
[0.511s] byte-compiling /home/jonsnow/ros2_ws/install/my_robot_controller/lib/python3.10/site-packages/my_robot_controller/my_first_node.py to my_first_node.cpython-310.pyc
[0.511s] running install_data
[0.511s] running install_egg_info
[0.512s] removing '/home/jonsnow/ros2_ws/install/my_robot_controller/lib/python3.10/site-packages/my_robot_controller-0.0.0-py3.10.egg-info' (and everything under it)
[0.512s] Copying ../../build/my_robot_controller/my_robot_controller.egg-info to /home/jonsnow/ros2_ws/install/my_robot_controller/lib/python3.10/site-packages/my_robot_controller-0.0.0-py3.10.egg-info
[0.513s] running install_scripts
[0.525s] Installing test_node script to /home/jonsnow/ros2_ws/install/my_robot_controller/lib/my_robot_controller
[0.525s] writing list of installed files to '/home/jonsnow/ros2_ws/build/my_robot_controller/install.log'
[0.540s] Invoked command in '/home/jonsnow/ros2_ws/src/my_robot_controller' returned '0': PYTHONPATH=/home/jonsnow/ros2_ws/build/my_robot_controller/prefix_override:/usr/lib/python3/dist-packages/colcon_core/task/python/colcon_distutils_commands:/home/jonsnow/ros2_ws/install/my_robot_controller/lib/python3.10/site-packages:${PYTHONPATH} /usr/bin/python3 -W ignore:setup.py install is deprecated -W ignore:easy_install command is deprecated setup.py egg_info --egg-base ../../build/my_robot_controller build --build-base /home/jonsnow/ros2_ws/build/my_robot_controller/build install --record /home/jonsnow/ros2_ws/build/my_robot_controller/install.log --single-version-externally-managed install_data
