[0.010s] Invoking command in '/home/jonsnow/ros2_ws/build/my_robot_description': CMAKE_PREFIX_PATH=${CMAKE_PREFIX_PATH}:/home/jonsnow/ros2_ws/install/my_robot_controller:/opt/ros/humble /usr/bin/cmake --build /home/jonsnow/ros2_ws/build/my_robot_description -- -j16 -l16
[0.184s] Invoked command in '/home/jonsnow/ros2_ws/build/my_robot_description' returned '0': CMAKE_PREFIX_PATH=${CMAKE_PREFIX_PATH}:/home/jonsnow/ros2_ws/install/my_robot_controller:/opt/ros/humble /usr/bin/cmake --build /home/jonsnow/ros2_ws/build/my_robot_description -- -j16 -l16
[0.191s] Invoking command in '/home/jonsnow/ros2_ws/build/my_robot_description': CMAKE_PREFIX_PATH=${CMAKE_PREFIX_PATH}:/home/jonsnow/ros2_ws/install/my_robot_controller:/opt/ros/humble /usr/bin/cmake --install /home/jonsnow/ros2_ws/build/my_robot_description
[0.200s] -- Install configuration: ""
[0.200s] -- Execute custom install script
[0.200s] -- Up-to-date symlink: /home/jonsnow/ros2_ws/install/my_robot_description/share/my_robot_description//urdf/camera.urdf.xacro
[0.201s] -- Up-to-date symlink: /home/jonsnow/ros2_ws/install/my_robot_description/share/my_robot_description//urdf/common_properties.urdf.xacro
[0.201s] -- Up-to-date symlink: /home/jonsnow/ros2_ws/install/my_robot_description/share/my_robot_description//urdf/mobile_base.urdf.xacro
[0.201s] -- Up-to-date symlink: /home/jonsnow/ros2_ws/install/my_robot_description/share/my_robot_description//urdf/mobile_base_gazebo.urdf.xacro
[0.201s] -- Up-to-date symlink: /home/jonsnow/ros2_ws/install/my_robot_description/share/my_robot_description//urdf/my_robot.urdf.xacro
[0.201s] -- Up-to-date symlink: /home/jonsnow/ros2_ws/install/my_robot_description/share/my_robot_description//launch/display.launch.py
[0.201s] -- Up-to-date symlink: /home/jonsnow/ros2_ws/install/my_robot_description/share/my_robot_description//launch/display.launch.xml
[0.201s] -- Up-to-date symlink: /home/jonsnow/ros2_ws/install/my_robot_description/share/my_robot_description//rviz/urdf_config.rviz
[0.201s] -- Up-to-date symlink: /home/jonsnow/ros2_ws/install/my_robot_description/share/ament_index/resource_index/package_run_dependencies/my_robot_description
[0.202s] -- Up-to-date symlink: /home/jonsnow/ros2_ws/install/my_robot_description/share/ament_index/resource_index/parent_prefix_path/my_robot_description
[0.202s] -- Up-to-date symlink: /home/jonsnow/ros2_ws/install/my_robot_description/share/my_robot_description/environment/ament_prefix_path.sh
[0.202s] -- Up-to-date symlink: /home/jonsnow/ros2_ws/install/my_robot_description/share/my_robot_description/environment/ament_prefix_path.dsv
[0.202s] -- Up-to-date symlink: /home/jonsnow/ros2_ws/install/my_robot_description/share/my_robot_description/environment/path.sh
[0.202s] -- Up-to-date symlink: /home/jonsnow/ros2_ws/install/my_robot_description/share/my_robot_description/environment/path.dsv
[0.202s] -- Up-to-date symlink: /home/jonsnow/ros2_ws/install/my_robot_description/share/my_robot_description/local_setup.bash
[0.202s] -- Up-to-date symlink: /home/jonsnow/ros2_ws/install/my_robot_description/share/my_robot_description/local_setup.sh
[0.202s] -- Up-to-date symlink: /home/jonsnow/ros2_ws/install/my_robot_description/share/my_robot_description/local_setup.zsh
[0.202s] -- Up-to-date symlink: /home/jonsnow/ros2_ws/install/my_robot_description/share/my_robot_description/local_setup.dsv
[0.202s] -- Symlinking: /home/jonsnow/ros2_ws/install/my_robot_description/share/my_robot_description/package.dsv
[0.208s] -- Up-to-date symlink: /home/jonsnow/ros2_ws/install/my_robot_description/share/ament_index/resource_index/packages/my_robot_description
[0.208s] -- Up-to-date symlink: /home/jonsnow/ros2_ws/install/my_robot_description/share/my_robot_description/cmake/my_robot_descriptionConfig.cmake
[0.209s] -- Up-to-date symlink: /home/jonsnow/ros2_ws/install/my_robot_description/share/my_robot_description/cmake/my_robot_descriptionConfig-version.cmake
[0.209s] -- Up-to-date symlink: /home/jonsnow/ros2_ws/install/my_robot_description/share/my_robot_description/package.xml
[0.210s] Invoked command in '/home/jonsnow/ros2_ws/build/my_robot_description' returned '0': CMAKE_PREFIX_PATH=${CMAKE_PREFIX_PATH}:/home/jonsnow/ros2_ws/install/my_robot_controller:/opt/ros/humble /usr/bin/cmake --install /home/jonsnow/ros2_ws/build/my_robot_description
