[0.005s] Invoking command in '/home/jonsnow/ros2_ws/build/my_robot_bringup': CMAKE_PREFIX_PATH=${CMAKE_PREFIX_PATH}:/home/jonsnow/ros2_ws/install/my_robot_controller:/opt/ros/humble /usr/bin/cmake /home/jonsnow/ros2_ws/src/my_robot_bringup -DAMENT_CMAKE_SYMLINK_INSTALL=1 -DCMAKE_INSTALL_PREFIX=/home/jonsnow/ros2_ws/install/my_robot_bringup
[0.069s] -- The C compiler identification is GNU 11.4.0
[0.120s] -- The CXX compiler identification is GNU 11.4.0
[0.127s] -- Detecting C compiler ABI info
[0.187s] -- Detecting C compiler ABI info - done
[0.193s] -- Check for working C compiler: /usr/bin/cc - skipped
[0.193s] -- Detecting C compile features
[0.194s] -- Detecting C compile features - done
[0.196s] -- Detecting CXX compiler ABI info
[0.257s] -- Detecting CXX compiler ABI info - done
[0.266s] -- Check for working CXX compiler: /usr/bin/c++ - skipped
[0.266s] -- Detecting CXX compile features
[0.266s] -- Detecting CXX compile features - done
[0.270s] -- Found ament_cmake: 1.3.12 (/opt/ros/humble/share/ament_cmake/cmake)
[0.389s] -- Found Python3: /usr/bin/python3 (found version "3.10.12") found components: Interpreter 
[0.435s] -- Override CMake install command with custom implementation using symlinks instead of copying resources
[0.498s] -- Configuring done
[0.499s] -- Generating done
[0.500s] -- Build files have been written to: /home/jonsnow/ros2_ws/build/my_robot_bringup
[0.503s] Invoked command in '/home/jonsnow/ros2_ws/build/my_robot_bringup' returned '0': CMAKE_PREFIX_PATH=${CMAKE_PREFIX_PATH}:/home/jonsnow/ros2_ws/install/my_robot_controller:/opt/ros/humble /usr/bin/cmake /home/jonsnow/ros2_ws/src/my_robot_bringup -DAMENT_CMAKE_SYMLINK_INSTALL=1 -DCMAKE_INSTALL_PREFIX=/home/jonsnow/ros2_ws/install/my_robot_bringup
[0.504s] Invoking command in '/home/jonsnow/ros2_ws/build/my_robot_bringup': CMAKE_PREFIX_PATH=${CMAKE_PREFIX_PATH}:/home/jonsnow/ros2_ws/install/my_robot_controller:/opt/ros/humble /usr/bin/cmake --build /home/jonsnow/ros2_ws/build/my_robot_bringup -- -j16 -l16
[0.542s] Invoked command in '/home/jonsnow/ros2_ws/build/my_robot_bringup' returned '0': CMAKE_PREFIX_PATH=${CMAKE_PREFIX_PATH}:/home/jonsnow/ros2_ws/install/my_robot_controller:/opt/ros/humble /usr/bin/cmake --build /home/jonsnow/ros2_ws/build/my_robot_bringup -- -j16 -l16
[0.543s] Invoking command in '/home/jonsnow/ros2_ws/build/my_robot_bringup': CMAKE_PREFIX_PATH=${CMAKE_PREFIX_PATH}:/home/jonsnow/ros2_ws/install/my_robot_controller:/opt/ros/humble /usr/bin/cmake --install /home/jonsnow/ros2_ws/build/my_robot_bringup
[0.549s] -- Install configuration: ""
[0.550s] [31mCMake Error at ament_cmake_symlink_install/ament_cmake_symlink_install.cmake:100 (message):
[0.550s]   ament_cmake_symlink_install_directory() can't find
[0.550s]   '/home/jonsnow/ros2_ws/src/my_robot_bringup/launch'
[0.550s] Call Stack (most recent call first):
[0.550s]   ament_cmake_symlink_install/ament_cmake_symlink_install.cmake:314 (ament_cmake_symlink_install_directory)
[0.550s]   cmake_install.cmake:46 (include)
[0.550s] 
[0.550s] [0m
[0.550s] -- Execute custom install script
[0.555s] Invoked command in '/home/jonsnow/ros2_ws/build/my_robot_bringup' returned '1': CMAKE_PREFIX_PATH=${CMAKE_PREFIX_PATH}:/home/jonsnow/ros2_ws/install/my_robot_controller:/opt/ros/humble /usr/bin/cmake --install /home/jonsnow/ros2_ws/build/my_robot_bringup
