[0.163s] Invoking command in '/home/jonsnow/ros2_ws/build/my_robot_description': CMAKE_PREFIX_PATH=${CMAKE_PREFIX_PATH}:/home/jonsnow/ros2_ws/install/my_robot_controller:/opt/ros/humble /usr/bin/cmake /home/jonsnow/ros2_ws/src/my_robot_description -DAMENT_CMAKE_SYMLINK_INSTALL=1 -DCMAKE_INSTALL_PREFIX=/home/jonsnow/ros2_ws/install/my_robot_description
[0.176s] -- Found ament_cmake: 1.3.11 (/opt/ros/humble/share/ament_cmake/cmake)
[0.271s] -- Override CMake install command with custom implementation using symlinks instead of copying resources
[0.325s] -- Configuring done
[0.328s] -- Generating done
[0.328s] -- Build files have been written to: /home/jonsnow/ros2_ws/build/my_robot_description
[0.331s] Invoked command in '/home/jonsnow/ros2_ws/build/my_robot_description' returned '0': CMAKE_PREFIX_PATH=${CMAKE_PREFIX_PATH}:/home/jonsnow/ros2_ws/install/my_robot_controller:/opt/ros/humble /usr/bin/cmake /home/jonsnow/ros2_ws/src/my_robot_description -DAMENT_CMAKE_SYMLINK_INSTALL=1 -DCMAKE_INSTALL_PREFIX=/home/jonsnow/ros2_ws/install/my_robot_description
[0.332s] Invoking command in '/home/jonsnow/ros2_ws/build/my_robot_description': CMAKE_PREFIX_PATH=${CMAKE_PREFIX_PATH}:/home/jonsnow/ros2_ws/install/my_robot_controller:/opt/ros/humble /usr/bin/cmake --build /home/jonsnow/ros2_ws/build/my_robot_description -- -j16 -l16
[0.359s] Invoked command in '/home/jonsnow/ros2_ws/build/my_robot_description' returned '0': CMAKE_PREFIX_PATH=${CMAKE_PREFIX_PATH}:/home/jonsnow/ros2_ws/install/my_robot_controller:/opt/ros/humble /usr/bin/cmake --build /home/jonsnow/ros2_ws/build/my_robot_description -- -j16 -l16
[0.366s] Invoking command in '/home/jonsnow/ros2_ws/build/my_robot_description': CMAKE_PREFIX_PATH=${CMAKE_PREFIX_PATH}:/home/jonsnow/ros2_ws/install/my_robot_controller:/opt/ros/humble /usr/bin/cmake --install /home/jonsnow/ros2_ws/build/my_robot_description
[0.372s] -- Install configuration: ""
[0.372s] -- Execute custom install script
[0.372s] -- Symlinking: /home/jonsnow/ros2_ws/install/my_robot_description/share/my_robot_description//urdf/my_robot.urdf.xacro
[0.377s] -- Symlinking: /home/jonsnow/ros2_ws/install/my_robot_description/share/my_robot_description//launch/display.launch.py
[0.382s] -- Symlinking: /home/jonsnow/ros2_ws/install/my_robot_description/share/my_robot_description//launch/display.launch.xml
[0.387s] -- Symlinking: /home/jonsnow/ros2_ws/install/my_robot_description/share/my_robot_description//rviz/urdf_config.rviz
[0.392s] -- Symlinking: /home/jonsnow/ros2_ws/install/my_robot_description/share/ament_index/resource_index/package_run_dependencies/my_robot_description
[0.397s] -- Symlinking: /home/jonsnow/ros2_ws/install/my_robot_description/share/ament_index/resource_index/parent_prefix_path/my_robot_description
[0.405s] -- Symlinking: /home/jonsnow/ros2_ws/install/my_robot_description/share/my_robot_description/environment/ament_prefix_path.sh
[0.411s] -- Symlinking: /home/jonsnow/ros2_ws/install/my_robot_description/share/my_robot_description/environment/ament_prefix_path.dsv
[0.419s] -- Symlinking: /home/jonsnow/ros2_ws/install/my_robot_description/share/my_robot_description/environment/path.sh
[0.424s] -- Symlinking: /home/jonsnow/ros2_ws/install/my_robot_description/share/my_robot_description/environment/path.dsv
[0.429s] -- Symlinking: /home/jonsnow/ros2_ws/install/my_robot_description/share/my_robot_description/local_setup.bash
[0.436s] -- Symlinking: /home/jonsnow/ros2_ws/install/my_robot_description/share/my_robot_description/local_setup.sh
[0.441s] -- Symlinking: /home/jonsnow/ros2_ws/install/my_robot_description/share/my_robot_description/local_setup.zsh
[0.446s] -- Symlinking: /home/jonsnow/ros2_ws/install/my_robot_description/share/my_robot_description/local_setup.dsv
[0.454s] -- Symlinking: /home/jonsnow/ros2_ws/install/my_robot_description/share/my_robot_description/package.dsv
[0.460s] -- Symlinking: /home/jonsnow/ros2_ws/install/my_robot_description/share/ament_index/resource_index/packages/my_robot_description
[0.468s] -- Symlinking: /home/jonsnow/ros2_ws/install/my_robot_description/share/my_robot_description/cmake/my_robot_descriptionConfig.cmake
[0.473s] -- Symlinking: /home/jonsnow/ros2_ws/install/my_robot_description/share/my_robot_description/cmake/my_robot_descriptionConfig-version.cmake
[0.480s] -- Symlinking: /home/jonsnow/ros2_ws/install/my_robot_description/share/my_robot_description/package.xml
[0.489s] Invoked command in '/home/jonsnow/ros2_ws/build/my_robot_description' returned '0': CMAKE_PREFIX_PATH=${CMAKE_PREFIX_PATH}:/home/jonsnow/ros2_ws/install/my_robot_controller:/opt/ros/humble /usr/bin/cmake --install /home/jonsnow/ros2_ws/build/my_robot_description
