[0.376s] Invoking command in '/home/jonsnow/ros2_ws/build/my_robot_controller': PYTHONPATH=/home/jonsnow/ros2_ws/build/my_robot_controller/prefix_override:/usr/lib/python3/dist-packages/colcon_core/task/python/colcon_distutils_commands:/home/jonsnow/ros2_ws/install/my_robot_controller/lib/python3.10/site-packages:${PYTHONPATH} /usr/bin/python3 -W ignore:setup.py install is deprecated -W ignore:easy_install command is deprecated setup.py develop --editable --build-directory /home/jonsnow/ros2_ws/build/my_robot_controller/build --no-deps symlink_data --force
[0.539s] running develop
[0.622s] running egg_info
[0.622s] writing my_robot_controller.egg-info/PKG-INFO
[0.623s] writing dependency_links to my_robot_controller.egg-info/dependency_links.txt
[0.623s] writing entry points to my_robot_controller.egg-info/entry_points.txt
[0.623s] writing requirements to my_robot_controller.egg-info/requires.txt
[0.623s] writing top-level names to my_robot_controller.egg-info/top_level.txt
[0.624s] reading manifest file 'my_robot_controller.egg-info/SOURCES.txt'
[0.624s] writing manifest file 'my_robot_controller.egg-info/SOURCES.txt'
[0.625s] running build_ext
[0.625s] Creating /home/jonsnow/ros2_ws/install/my_robot_controller/lib/python3.10/site-packages/my-robot-controller.egg-link (link to .)
[0.625s] Installing draw_circle script to /home/jonsnow/ros2_ws/install/my_robot_controller/lib/my_robot_controller
[0.626s] Installing pose_subscriber script to /home/jonsnow/ros2_ws/install/my_robot_controller/lib/my_robot_controller
[0.626s] Installing test_node script to /home/jonsnow/ros2_ws/install/my_robot_controller/lib/my_robot_controller
[0.626s] Installing turtle_controller script to /home/jonsnow/ros2_ws/install/my_robot_controller/lib/my_robot_controller
[0.626s] 
[0.626s] Installed /home/jonsnow/ros2_ws/build/my_robot_controller
[0.626s] running symlink_data
[0.626s] symbolically linking /home/jonsnow/ros2_ws/build/my_robot_controller/resource/my_robot_controller -> /home/jonsnow/ros2_ws/install/my_robot_controller/share/ament_index/resource_index/packages
[0.626s] symbolically linking /home/jonsnow/ros2_ws/build/my_robot_controller/package.xml -> /home/jonsnow/ros2_ws/install/my_robot_controller/share/my_robot_controller
[0.643s] Invoked command in '/home/jonsnow/ros2_ws/build/my_robot_controller' returned '0': PYTHONPATH=/home/jonsnow/ros2_ws/build/my_robot_controller/prefix_override:/usr/lib/python3/dist-packages/colcon_core/task/python/colcon_distutils_commands:/home/jonsnow/ros2_ws/install/my_robot_controller/lib/python3.10/site-packages:${PYTHONPATH} /usr/bin/python3 -W ignore:setup.py install is deprecated -W ignore:easy_install command is deprecated setup.py develop --editable --build-directory /home/jonsnow/ros2_ws/build/my_robot_controller/build --no-deps symlink_data --force
