[0.006s] Invoking command in '/home/jonsnow/ros2_ws/build/my_robot_bringup': CMAKE_PREFIX_PATH=/home/jonsnow/ros2_ws/install/my_robot_description:/home/jonsnow/ros2_ws/install/my_robot_bringup:/home/jonsnow/ros2_ws/install/my_robot_controller:/opt/ros/humble /usr/bin/cmake --build /home/jonsnow/ros2_ws/build/my_robot_bringup -- -j16 -l16
[0.035s] Invoked command in '/home/jonsnow/ros2_ws/build/my_robot_bringup' returned '0': CMAKE_PREFIX_PATH=/home/jonsnow/ros2_ws/install/my_robot_description:/home/jonsnow/ros2_ws/install/my_robot_bringup:/home/jonsnow/ros2_ws/install/my_robot_controller:/opt/ros/humble /usr/bin/cmake --build /home/jonsnow/ros2_ws/build/my_robot_bringup -- -j16 -l16
[0.036s] Invoking command in '/home/jonsnow/ros2_ws/build/my_robot_bringup': CMAKE_PREFIX_PATH=/home/jonsnow/ros2_ws/install/my_robot_description:/home/jonsnow/ros2_ws/install/my_robot_bringup:/home/jonsnow/ros2_ws/install/my_robot_controller:/opt/ros/humble /usr/bin/cmake --install /home/jonsnow/ros2_ws/build/my_robot_bringup
[0.043s] -- Install configuration: ""
[0.043s] -- Execute custom install script
[0.044s] -- Up-to-date symlink: /home/jonsnow/ros2_ws/install/my_robot_bringup/share/my_robot_bringup//launch/my_robot_gazebo.launch.xml
[0.044s] -- Up-to-date symlink: /home/jonsnow/ros2_ws/install/my_robot_bringup/share/my_robot_bringup//rviz/urdf_config.rviz
[0.045s] -- Up-to-date symlink: /home/jonsnow/ros2_ws/install/my_robot_bringup/share/my_robot_bringup//worlds/test_world.world
[0.045s] -- Up-to-date symlink: /home/jonsnow/ros2_ws/install/my_robot_bringup/share/ament_index/resource_index/package_run_dependencies/my_robot_bringup
[0.045s] -- Up-to-date symlink: /home/jonsnow/ros2_ws/install/my_robot_bringup/share/ament_index/resource_index/parent_prefix_path/my_robot_bringup
[0.045s] -- Up-to-date symlink: /home/jonsnow/ros2_ws/install/my_robot_bringup/share/my_robot_bringup/environment/ament_prefix_path.sh
[0.045s] -- Up-to-date symlink: /home/jonsnow/ros2_ws/install/my_robot_bringup/share/my_robot_bringup/environment/ament_prefix_path.dsv
[0.045s] -- Up-to-date symlink: /home/jonsnow/ros2_ws/install/my_robot_bringup/share/my_robot_bringup/environment/path.sh
[0.045s] -- Up-to-date symlink: /home/jonsnow/ros2_ws/install/my_robot_bringup/share/my_robot_bringup/environment/path.dsv
[0.046s] -- Up-to-date symlink: /home/jonsnow/ros2_ws/install/my_robot_bringup/share/my_robot_bringup/local_setup.bash
[0.046s] -- Up-to-date symlink: /home/jonsnow/ros2_ws/install/my_robot_bringup/share/my_robot_bringup/local_setup.sh
[0.046s] -- Up-to-date symlink: /home/jonsnow/ros2_ws/install/my_robot_bringup/share/my_robot_bringup/local_setup.zsh
[0.046s] -- Up-to-date symlink: /home/jonsnow/ros2_ws/install/my_robot_bringup/share/my_robot_bringup/local_setup.dsv
[0.046s] -- Symlinking: /home/jonsnow/ros2_ws/install/my_robot_bringup/share/my_robot_bringup/package.dsv
[0.054s] -- Up-to-date symlink: /home/jonsnow/ros2_ws/install/my_robot_bringup/share/ament_index/resource_index/packages/my_robot_bringup
[0.054s] -- Up-to-date symlink: /home/jonsnow/ros2_ws/install/my_robot_bringup/share/my_robot_bringup/cmake/my_robot_bringupConfig.cmake
[0.054s] -- Up-to-date symlink: /home/jonsnow/ros2_ws/install/my_robot_bringup/share/my_robot_bringup/cmake/my_robot_bringupConfig-version.cmake
[0.054s] -- Up-to-date symlink: /home/jonsnow/ros2_ws/install/my_robot_bringup/share/my_robot_bringup/package.xml
[0.056s] Invoked command in '/home/jonsnow/ros2_ws/build/my_robot_bringup' returned '0': CMAKE_PREFIX_PATH=/home/jonsnow/ros2_ws/install/my_robot_description:/home/jonsnow/ros2_ws/install/my_robot_bringup:/home/jonsnow/ros2_ws/install/my_robot_controller:/opt/ros/humble /usr/bin/cmake --install /home/jonsnow/ros2_ws/build/my_robot_bringup
